7월 25, 2016 9:58:42 오전 org.apache.catalina.core.ApplicationContext log
정보: HTMLManager: init: Associated with Deployer 'Catalina:type=Deployer,host=localhost'
7월 25, 2016 9:58:42 오전 org.apache.catalina.core.ApplicationContext log
정보: HTMLManager: init: Global resources are available
7월 25, 2016 9:58:42 오전 org.apache.catalina.core.ApplicationContext log
정보: HTMLManager: list: Listing contexts for virtual host 'localhost'
7월 25, 2016 10:01:02 오전 org.apache.catalina.core.ApplicationContext log
정보: HTMLManager: init: Associated with Deployer 'Catalina:type=Deployer,host=localhost'
7월 25, 2016 10:01:02 오전 org.apache.catalina.core.ApplicationContext log
정보: HTMLManager: init: Global resources are available
7월 25, 2016 10:01:02 오전 org.apache.catalina.core.ApplicationContext log
정보: HTMLManager: list: Listing contexts for virtual host 'localhost'
7월 25, 2016 10:17:44 오전 org.apache.catalina.core.ApplicationContext log
정보: Manager: init: Associated with Deployer 'Catalina:type=Deployer,host=localhost'
7월 25, 2016 10:17:44 오전 org.apache.catalina.core.ApplicationContext log
정보: Manager: init: Global resources are available
7월 25, 2016 10:17:44 오전 org.apache.catalina.core.ApplicationContext log
정보: Manager: deploy: Deploying web application '/spring-mvc-showcase'
7월 25, 2016 10:17:44 오전 org.apache.catalina.core.ApplicationContext log
정보: Manager: Uploading WAR file to /home/srkim/web/apache-tomcat-7.0.70/webapps/spring-mvc-showcase.war.tmp
7월 25, 2016 10:18:43 오전 org.apache.catalina.core.ApplicationContext log
정보: HTMLManager: list: Listing contexts for virtual host 'localhost'
7월 25, 2016 12:37:53 오후 org.apache.catalina.core.ApplicationContext log
정보: HTMLManager: list: Listing contexts for virtual host 'localhost'
