./catalina.2016-07-23.log
./catalina.2016-07-25.log
./catalina.2016-07-27.log
./catalina.2016-12-27.log
./catalina.2016-12-28.log
./catalina.2016-12-29.log
./catalina.2016-12-30.log
./catalina.2016-12-31.log
./catalina.2017-01-01.log
./catalina.out
./host-manager.2016-07-23.log
./host-manager.2016-07-25.log
./host-manager.2016-07-27.log
./host-manager.2016-12-27.log
./host-manager.2017-01-01.log
./localhost.2016-07-23.log
./localhost.2016-07-25.log
./localhost.2016-07-27.log
./localhost.2016-12-27.log
./localhost.2017-01-01.log
./localhost_access_log.2016-07-23.txt
./localhost_access_log.2016-07-25.txt
./localhost_access_log.2016-07-27.txt
./localhost_access_log.2016-12-27.txt
./localhost_access_log.2017-01-01.txt
./manager.2016-07-23.log
./manager.2016-07-25.log
./manager.2016-07-27.log
./manager.2016-12-27.log
./manager.2017-01-01.log
